<?xml version="1.0" encoding="utf-8" standalone="no"?>
<!--This file represents the results of running a test suite-->
<test-results name="C:\projects\LandmineWeb\Landmine.Tests\Landmine.Tests.nunit" total="3" errors="0" failures="0" not-run="0" inconclusive="0" ignored="0" skipped="0" invalid="0" date="2014-07-15" time="21:56:20">
  <environment nunit-version="2.6.3.13283" clr-version="2.0.50727.6413" os-version="Microsoft Windows NT 6.2.9200.0" platform="Win32NT" cwd="C:\Program Files (x86)\NUnit 2.6.3\bin" machine-name="BURKE-DELL" user="Matt" user-domain="BURKE-DELL" />
  <culture-info current-culture="en-US" current-uiculture="en-US" />
  <test-suite type="Project" name="C:\projects\LandmineWeb\Landmine.Tests\Landmine.Tests.nunit" executed="True" result="Success" success="True" time="0.031" asserts="0">
    <results>
      <test-suite type="Assembly" name="C:\projects\LandmineWeb\Landmine.Tests\bin\Debug\Landmine.Tests.dll" executed="True" result="Success" success="True" time="0.030" asserts="0">
        <results>
          <test-suite type="Namespace" name="Landmine" executed="True" result="Success" success="True" time="0.029" asserts="0">
            <results>
              <test-suite type="Namespace" name="Tests" executed="True" result="Success" success="True" time="0.027" asserts="0">
                <results>
                  <test-suite type="Namespace" name="Controllers" executed="True" result="Success" success="True" time="0.026" asserts="0">
                    <results>
                      <test-suite type="TestFixture" name="ScoreControllerTests" executed="True" result="Success" success="True" time="0.025" asserts="0">
                        <results>
                          <test-case name="Landmine.Tests.Controllers.ScoreControllerTests.GetHighScoresReturnsNumberOfProvidedScores" executed="True" result="Success" success="True" time="0.006" asserts="2" />
                          <test-case name="Landmine.Tests.Controllers.ScoreControllerTests.GetHighScoresReturnsTopScoresInDescendingOrder" executed="True" result="Success" success="True" time="0.005" asserts="1" />
                          <test-case name="Landmine.Tests.Controllers.ScoreControllerTests.GetHighScoreThrows400IfCountGreaterThan50" executed="True" result="Success" success="True" time="0.001" asserts="2" />
                        </results>
                      </test-suite>
                    </results>
                  </test-suite>
                </results>
              </test-suite>
            </results>
          </test-suite>
        </results>
      </test-suite>
    </results>
  </test-suite>
</test-results>